#
# There is insufficient memory for the Java Runtime Environment to continue.
# Native memory allocation (malloc) failed to allocate 306416 bytes for Chunk::new
# Possible reasons:
#   The system is out of physical RAM or swap space
#   In 32 bit mode, the process size limit was hit
# Possible solutions:
#   Reduce memory load on the system
#   Increase physical memory or swap space
#   Check if swap backing store is full
#   Use 64 bit Java on a 64 bit OS
#   Decrease Java heap size (-Xmx/-Xms)
#   Decrease number of Java threads
#   Decrease Java thread stack sizes (-Xss)
#   Set larger code cache with -XX:ReservedCodeCacheSize=
# This output file may be truncated or incomplete.
#
#  Out of Memory Error (allocation.cpp:390), pid=15884, tid=0x0000000000003244
#
# JRE version: OpenJDK Runtime Environment (8.0_152-b06) (build 1.8.0_152-release-1136-b06)
# Java VM: OpenJDK 64-Bit Server VM (25.152-b06 mixed mode windows-amd64 compressed oops)
# Failed to write core dump. Minidumps are not enabled by default on client versions of Windows
#

---------------  T H R E A D  ---------------

Current thread (0x0000000018909800):  JavaThread "C2 CompilerThread0" daemon [_thread_in_native, id=12868, stack(0x000000001a0a0000,0x000000001a1a0000)]

Stack: [0x000000001a0a0000,0x000000001a1a0000]
[error occurred during error reporting (printing stack bounds), id 0xc0000005]

Native frames: (J=compiled Java code, j=interpreted, Vv=VM code, C=native code)


Current CompileTask:
C2:   8930 4021       4       org.gradle.model.internal.type.ModelType::wrap (219 bytes)


---------------  P R O C E S S  ---------------

Java Threads: ( => current thread )
  0x000000001d06a800 JavaThread "Memory manager" [_thread_blocked, id=4956, stack(0x00000000243c0000,0x00000000244c0000)]
  0x000000001d06c000 JavaThread "Build operations Thread 4" [_thread_blocked, id=11624, stack(0x0000000023cc0000,0x0000000023dc0000)]
  0x000000001d06c800 JavaThread "Build operations Thread 3" [_thread_blocked, id=8872, stack(0x0000000023bc0000,0x0000000023cc0000)]
  0x000000001d069000 JavaThread "Build operations Thread 2" [_thread_blocked, id=10084, stack(0x00000000227a0000,0x00000000228a0000)]
  0x000000001d06b000 JavaThread "Build operations" [_thread_blocked, id=10644, stack(0x0000000022480000,0x0000000022580000)]
  0x000000001d068000 JavaThread "Cache worker for Artifact transforms cache (C:\Users\vlsv__000\.gradle\caches\transforms-1)" [_thread_blocked, id=592, stack(0x0000000021c90000,0x0000000021d90000)]
  0x000000001c453000 JavaThread "Cache worker for file hash cache (E:\Android_Code\MyFirstApp\.gradle\4.6\fileHashes)" [_thread_blocked, id=13804, stack(0x000000001e5c0000,0x000000001e6c0000)]
  0x000000001b63a000 JavaThread "File lock request listener" [_thread_in_native, id=11916, stack(0x000000001e4c0000,0x000000001e5c0000)]
  0x000000001b6f0000 JavaThread "Cache worker for file hash cache (C:\Users\vlsv__000\.gradle\caches\4.6\fileHashes)" [_thread_blocked, id=12688, stack(0x000000001e3c0000,0x000000001e4c0000)]
  0x000000001b6f1000 JavaThread "Stdin handler" [_thread_blocked, id=8012, stack(0x000000001e0c0000,0x000000001e1c0000)]
  0x000000001b7e2000 JavaThread "Asynchronous log dispatcher for DefaultDaemonConnection: socket connection from /127.0.0.1:49740 to /127.0.0.1:49741" [_thread_blocked, id=13008, stack(0x000000001dfc0000,0x000000001e0c0000)]
  0x000000001b639800 JavaThread "Daemon worker" [_thread_in_native, id=17476, stack(0x000000001dec0000,0x000000001dfc0000)]
  0x000000001b637000 JavaThread "Cancel handler" [_thread_blocked, id=15464, stack(0x000000001ddc0000,0x000000001dec0000)]
  0x000000001b704800 JavaThread "Handler for socket connection from /127.0.0.1:49740 to /127.0.0.1:49741" [_thread_in_native, id=15700, stack(0x000000001dac0000,0x000000001dbc0000)]
  0x000000001b704000 JavaThread "Daemon" [_thread_blocked, id=9608, stack(0x000000001d9c0000,0x000000001dac0000)]
  0x000000001bb24000 JavaThread "Daemon periodic checks" [_thread_blocked, id=14268, stack(0x000000001d8c0000,0x000000001d9c0000)]
  0x000000001ba89800 JavaThread "Incoming local TCP Connector on port 49740" [_thread_in_native, id=16120, stack(0x000000001d680000,0x000000001d780000)]
  0x000000001a3c8800 JavaThread "Service Thread" daemon [_thread_blocked, id=19652, stack(0x000000001a7a0000,0x000000001a8a0000)]
  0x0000000018911000 JavaThread "C1 CompilerThread2" daemon [_thread_blocked, id=19248, stack(0x000000001a2a0000,0x000000001a3a0000)]
  0x000000001890e000 JavaThread "C2 CompilerThread1" daemon [_thread_in_native, id=19388, stack(0x000000001a1a0000,0x000000001a2a0000)]
=>0x0000000018909800 JavaThread "C2 CompilerThread0" daemon [_thread_in_native, id=12868, stack(0x000000001a0a0000,0x000000001a1a0000)]
  0x0000000018908800 JavaThread "Attach Listener" daemon [_thread_blocked, id=8444, stack(0x0000000019fa0000,0x000000001a0a0000)]
  0x0000000018914800 JavaThread "Signal Dispatcher" daemon [_thread_blocked, id=4028, stack(0x0000000019ea0000,0x0000000019fa0000)]
  0x0000000004eac800 JavaThread "Finalizer" daemon [_thread_blocked, id=5984, stack(0x0000000019ba0000,0x0000000019ca0000)]
  0x0000000004ea1000 JavaThread "Reference Handler" daemon [_thread_blocked, id=12128, stack(0x0000000019aa0000,0x0000000019ba0000)]
  0x0000000004f9e000 JavaThread "main" [_thread_blocked, id=2000, stack(0x0000000004c40000,0x0000000004d40000)]

Other Threads:
  0x00000000188d5800 VMThread [stack: 0x00000000199a0000,0x0000000019aa0000] [id=16648]
  0x0000000018942800 WatcherThread [stack: 0x000000001a8a0000,0x000000001a9a0000] [id=12708]

VM state:not at safepoint (normal execution)

VM Mutex/Monitor currently owned by a thread: None

Heap:
 PSYoungGen      total 164352K, used 77590K [0x00000000e0000000, 0x00000000ede00000, 0x0000000100000000)
  eden space 152064K, 51% used [0x00000000e0000000,0x00000000e4bc5978,0x00000000e9480000)
  from space 12288K, 0% used [0x00000000ea180000,0x00000000ea180000,0x00000000ead80000)
  to   space 13312K, 0% used [0x00000000e9480000,0x00000000e9480000,0x00000000ea180000)
 ParOldGen       total 59904K, used 17188K [0x00000000a0000000, 0x00000000a3a80000, 0x00000000e0000000)
  object space 59904K, 28% used [0x00000000a0000000,0x00000000a10c9110,0x00000000a3a80000)
 Metaspace       used 41192K, capacity 42008K, committed 42240K, reserved 1085440K
  class space    used 5562K, capacity 5853K, committed 5888K, reserved 1048576K

Card table byte_map: [0x0000000014360000,0x0000000014670000] byte_map_base: 0x0000000013e60000

Marking Bits: (ParMarkBitMap*) 0x0000000064bd5aa0
 Begin Bits: [0x0000000014c70000, 0x0000000016470000)
 End Bits:   [0x0000000016470000, 0x0000000017c70000)

Polling page: 0x0000000003460000

CodeCache: size=245760Kb used=12928Kb max_used=12928Kb free=232831Kb
 bounds [0x0000000004fa0000, 0x0000000005c50000, 0x0000000013fa0000]
 total_blobs=4543 nmethods=3808 adapters=647
 compilation: enabled

Compilation events (10 events):
Event: 8.922 Thread 0x0000000018911000 4167       3       java.util.jar.Attributes::size (10 bytes)
Event: 8.922 Thread 0x0000000018911000 nmethod 4167 0x0000000005c48710 code [0x0000000005c48880, 0x0000000005c48aa8]
Event: 8.926 Thread 0x0000000018911000 4169       2       sun.security.util.ManifestDigester::findSection (180 bytes)
Event: 8.926 Thread 0x0000000018911000 nmethod 4169 0x0000000005c48b50 code [0x0000000005c48cc0, 0x0000000005c48f90]
Event: 8.926 Thread 0x0000000018911000 4170       2       sun.security.util.ManifestDigester$Entry::<init> (26 bytes)
Event: 8.926 Thread 0x0000000018911000 nmethod 4170 0x0000000005c49190 code [0x0000000005c492e0, 0x0000000005c49450]
Event: 8.926 Thread 0x0000000018911000 4171       2       sun.security.util.ManifestDigester::isNameAttr (102 bytes)
Event: 8.927 Thread 0x0000000018911000 nmethod 4171 0x0000000005c494d0 code [0x0000000005c49640, 0x0000000005c498d0]
Event: 8.927 Thread 0x0000000018911000 4172 %     3       sun.security.util.ManifestDigester::findSection @ 20 (180 bytes)
Event: 8.927 Thread 0x0000000018911000 nmethod 4172% 0x0000000005c49a50 code [0x0000000005c49be0, 0x0000000005c4a0f0]

GC Heap History (10 events):
Event: 2.574 GC heap before
{Heap before GC invocations=6 (full 1):
 PSYoungGen      total 70656K, used 5092K [0x00000000e0000000, 0x00000000e9400000, 0x0000000100000000)
  eden space 65536K, 0% used [0x00000000e0000000,0x00000000e0000000,0x00000000e4000000)
  from space 5120K, 99% used [0x00000000e4000000,0x00000000e44f9050,0x00000000e4500000)
  to   space 10240K, 0% used [0x00000000e8a00000,0x00000000e8a00000,0x00000000e9400000)
 ParOldGen       total 86016K, used 8095K [0x00000000a0000000, 0x00000000a5400000, 0x00000000e0000000)
  object space 86016K, 9% used [0x00000000a0000000,0x00000000a07e7dc0,0x00000000a5400000)
 Metaspace       used 20803K, capacity 21194K, committed 21248K, reserved 1067008K
  class space    used 2910K, capacity 3042K, committed 3072K, reserved 1048576K
Event: 2.612 GC heap after
Heap after GC invocations=6 (full 1):
 PSYoungGen      total 70656K, used 0K [0x00000000e0000000, 0x00000000e9400000, 0x0000000100000000)
  eden space 65536K, 0% used [0x00000000e0000000,0x00000000e0000000,0x00000000e4000000)
  from space 5120K, 0% used [0x00000000e4000000,0x00000000e4000000,0x00000000e4500000)
  to   space 10240K, 0% used [0x00000000e8a00000,0x00000000e8a00000,0x00000000e9400000)
 ParOldGen       total 59904K, used 8350K [0x00000000a0000000, 0x00000000a3a80000, 0x00000000e0000000)
  object space 59904K, 13% used [0x00000000a0000000,0x00000000a0827918,0x00000000a3a80000)
 Metaspace       used 20803K, capacity 21194K, committed 21248K, reserved 1067008K
  class space    used 2910K, capacity 3042K, committed 3072K, reserved 1048576K
}
Event: 3.603 GC heap before
{Heap before GC invocations=7 (full 1):
 PSYoungGen      total 70656K, used 65536K [0x00000000e0000000, 0x00000000e9400000, 0x0000000100000000)
  eden space 65536K, 100% used [0x00000000e0000000,0x00000000e4000000,0x00000000e4000000)
  from space 5120K, 0% used [0x00000000e4000000,0x00000000e4000000,0x00000000e4500000)
  to   space 10240K, 0% used [0x00000000e8a00000,0x00000000e8a00000,0x00000000e9400000)
 ParOldGen       total 59904K, used 8350K [0x00000000a0000000, 0x00000000a3a80000, 0x00000000e0000000)
  object space 59904K, 13% used [0x00000000a0000000,0x00000000a0827918,0x00000000a3a80000)
 Metaspace       used 25990K, capacity 26522K, committed 26624K, reserved 1073152K
  class space    used 3637K, capacity 3803K, committed 3840K, reserved 1048576K
Event: 3.616 GC heap after
Heap after GC invocations=7 (full 1):
 PSYoungGen      total 108544K, used 6593K [0x00000000e0000000, 0x00000000e9080000, 0x0000000100000000)
  eden space 101888K, 0% used [0x00000000e0000000,0x00000000e0000000,0x00000000e6380000)
  from space 6656K, 99% used [0x00000000e8a00000,0x00000000e90707e0,0x00000000e9080000)
  to   space 9728K, 0% used [0x00000000e7d80000,0x00000000e7d80000,0x00000000e8700000)
 ParOldGen       total 59904K, used 8358K [0x00000000a0000000, 0x00000000a3a80000, 0x00000000e0000000)
  object space 59904K, 13% used [0x00000000a0000000,0x00000000a0829918,0x00000000a3a80000)
 Metaspace       used 25990K, capacity 26522K, committed 26624K, reserved 1073152K
  class space    used 3637K, capacity 3803K, committed 3840K, reserved 1048576K
}
Event: 7.534 GC heap before
{Heap before GC invocations=8 (full 1):
 PSYoungGen      total 108544K, used 108481K [0x00000000e0000000, 0x00000000e9080000, 0x0000000100000000)
  eden space 101888K, 100% used [0x00000000e0000000,0x00000000e6380000,0x00000000e6380000)
  from space 6656K, 99% used [0x00000000e8a00000,0x00000000e90707e0,0x00000000e9080000)
  to   space 9728K, 0% used [0x00000000e7d80000,0x00000000e7d80000,0x00000000e8700000)
 ParOldGen       total 59904K, used 8358K [0x00000000a0000000, 0x00000000a3a80000, 0x00000000e0000000)
  object space 59904K, 13% used [0x00000000a0000000,0x00000000a0829918,0x00000000a3a80000)
 Metaspace       used 32002K, capacity 32590K, committed 32640K, reserved 1077248K
  class space    used 4503K, capacity 4718K, committed 4736K, reserved 1048576K
Event: 7.550 GC heap after
Heap after GC invocations=8 (full 1):
 PSYoungGen      total 138240K, used 9706K [0x00000000e0000000, 0x00000000ead80000, 0x0000000100000000)
  eden space 128512K, 0% used [0x00000000e0000000,0x00000000e0000000,0x00000000e7d80000)
  from space 9728K, 99% used [0x00000000e7d80000,0x00000000e86fa940,0x00000000e8700000)
  to   space 12288K, 0% used [0x00000000ea180000,0x00000000ea180000,0x00000000ead80000)
 ParOldGen       total 59904K, used 11414K [0x00000000a0000000, 0x00000000a3a80000, 0x00000000e0000000)
  object space 59904K, 19% used [0x00000000a0000000,0x00000000a0b25b90,0x00000000a3a80000)
 Metaspace       used 32002K, capacity 32590K, committed 32640K, reserved 1077248K
  class space    used 4503K, capacity 4718K, committed 4736K, reserved 1048576K
}
Event: 8.042 GC heap before
{Heap before GC invocations=9 (full 1):
 PSYoungGen      total 138240K, used 30190K [0x00000000e0000000, 0x00000000ead80000, 0x0000000100000000)
  eden space 128512K, 15% used [0x00000000e0000000,0x00000000e1400f48,0x00000000e7d80000)
  from space 9728K, 99% used [0x00000000e7d80000,0x00000000e86fa940,0x00000000e8700000)
  to   space 12288K, 0% used [0x00000000ea180000,0x00000000ea180000,0x00000000ead80000)
 ParOldGen       total 59904K, used 11414K [0x00000000a0000000, 0x00000000a3a80000, 0x00000000e0000000)
  object space 59904K, 19% used [0x00000000a0000000,0x00000000a0b25b90,0x00000000a3a80000)
 Metaspace       used 34516K, capacity 35240K, committed 35416K, reserved 1079296K
  class space    used 4748K, capacity 5026K, committed 5120K, reserved 1048576K
Event: 8.058 GC heap after
Heap after GC invocations=9 (full 1):
 PSYoungGen      total 164352K, used 10780K [0x00000000e0000000, 0x00000000ede00000, 0x0000000100000000)
  eden space 152064K, 0% used [0x00000000e0000000,0x00000000e0000000,0x00000000e9480000)
  from space 12288K, 87% used [0x00000000ea180000,0x00000000eac070b8,0x00000000ead80000)
  to   space 13312K, 0% used [0x00000000e9480000,0x00000000e9480000,0x00000000ea180000)
 ParOldGen       total 59904K, used 11422K [0x00000000a0000000, 0x00000000a3a80000, 0x00000000e0000000)
  object space 59904K, 19% used [0x00000000a0000000,0x00000000a0b27b90,0x00000000a3a80000)
 Metaspace       used 34516K, capacity 35240K, committed 35416K, reserved 1079296K
  class space    used 4748K, capacity 5026K, committed 5120K, reserved 1048576K
}
Event: 8.058 GC heap before
{Heap before GC invocations=10 (full 2):
 PSYoungGen      total 164352K, used 10780K [0x00000000e0000000, 0x00000000ede00000, 0x0000000100000000)
  eden space 152064K, 0% used [0x00000000e0000000,0x00000000e0000000,0x00000000e9480000)
  from space 12288K, 87% used [0x00000000ea180000,0x00000000eac070b8,0x00000000ead80000)
  to   space 13312K, 0% used [0x00000000e9480000,0x00000000e9480000,0x00000000ea180000)
 ParOldGen       total 59904K, used 11422K [0x00000000a0000000, 0x00000000a3a80000, 0x00000000e0000000)
  object space 59904K, 19% used [0x00000000a0000000,0x00000000a0b27b90,0x00000000a3a80000)
 Metaspace       used 34516K, capacity 35240K, committed 35416K, reserved 1079296K
  class space    used 4748K, capacity 5026K, committed 5120K, reserved 1048576K
Event: 8.137 GC heap after
Heap after GC invocations=10 (full 2):
 PSYoungGen      total 164352K, used 0K [0x00000000e0000000, 0x00000000ede00000, 0x0000000100000000)
  eden space 152064K, 0% used [0x00000000e0000000,0x00000000e0000000,0x00000000e9480000)
  from space 12288K, 0% used [0x00000000ea180000,0x00000000ea180000,0x00000000ead80000)
  to   space 13312K, 0% used [0x00000000e9480000,0x00000000e9480000,0x00000000ea180000)
 ParOldGen       total 59904K, used 17188K [0x00000000a0000000, 0x00000000a3a80000, 0x00000000e0000000)
  object space 59904K, 28% used [0x00000000a0000000,0x00000000a10c9110,0x00000000a3a80000)
 Metaspace       used 34493K, capacity 35152K, committed 35416K, reserved 1079296K
  class space    used 4742K, capacity 5018K, committed 5120K, reserved 1048576K
}

Deoptimization events (10 events):
Event: 8.200 Thread 0x000000001b639800 Uncommon trap: reason=bimorphic action=maybe_recompile pc=0x000000000593f7c8 method=java.util.Arrays.binarySearch0([Ljava/lang/Object;IILjava/lang/Object;Ljava/util/Comparator;)I @ 48
Event: 8.236 Thread 0x000000001b639800 Uncommon trap: reason=unstable_if action=reinterpret pc=0x0000000005179150 method=java.security.CodeSource.hashCode()I @ 4
Event: 8.236 Thread 0x000000001b639800 Uncommon trap: reason=unstable_if action=reinterpret pc=0x00000000050cdc0c method=java.security.CodeSource.hashCode()I @ 4
Event: 8.526 Thread 0x000000001b639800 Uncommon trap: reason=range_check action=make_not_entrant pc=0x0000000005b0d4cc method=java.lang.String.charAt(I)C @ 27
Event: 8.597 Thread 0x000000001b639800 Uncommon trap: reason=unstable_if action=reinterpret pc=0x0000000005a528a4 method=java.util.HashMap.putVal(ILjava/lang/Object;Ljava/lang/Object;ZZ)Ljava/lang/Object; @ 162
Event: 8.597 Thread 0x000000001b639800 Uncommon trap: reason=unstable_if action=reinterpret pc=0x00000000058ab4d4 method=java.util.HashMap.putVal(ILjava/lang/Object;Ljava/lang/Object;ZZ)Ljava/lang/Object; @ 162
Event: 8.598 Thread 0x000000001b639800 Uncommon trap: reason=unstable_if action=reinterpret pc=0x0000000005254e84 method=java.util.HashMap.resize()[Ljava/util/HashMap$Node; @ 206
Event: 8.695 Thread 0x000000001b639800 Uncommon trap: reason=unstable_if action=reinterpret pc=0x0000000005b766f4 method=java.lang.reflect.Modifier.toString(I)Ljava/lang/String; @ 123
Event: 8.695 Thread 0x000000001b639800 Uncommon trap: reason=unstable_if action=reinterpret pc=0x0000000005b59538 method=java.lang.reflect.Modifier.toString(I)Ljava/lang/String; @ 123
Event: 8.927 Thread 0x000000001b639800 Uncommon trap: reason=unstable_if action=reinterpret pc=0x0000000005a1ab10 method=java.lang.ThreadLocal.get()Ljava/lang/Object; @ 11

Classes redefined (0 events):
No events

Internal exceptions (10 events):
Event: 7.416 Thread 0x000000001b639800 Exception <a 'java/lang/ClassNotFoundException': org/gradle/api/internal/AbstractTaskCustomizer> (0x00000000e5c4aee8) thrown at [D:\src\AOSP-openjdk-cygwin\jdk8u\hotspot\src\share\vm\classfile\systemDictionary.cpp, line 210]
Event: 7.419 Thread 0x000000001b639800 Exception <a 'java/lang/ClassNotFoundException': org/gradle/api/DefaultTaskCustomizer> (0x00000000e5cd5a08) thrown at [D:\src\AOSP-openjdk-cygwin\jdk8u\hotspot\src\share\vm\classfile\systemDictionary.cpp, line 210]
Event: 7.420 Thread 0x000000001b639800 Exception <a 'java/lang/ClassNotFoundException': org/gradle/api/internal/ConventionTaskCustomizer> (0x00000000e5d12b98) thrown at [D:\src\AOSP-openjdk-cygwin\jdk8u\hotspot\src\share\vm\classfile\systemDictionary.cpp, line 210]
Event: 7.421 Thread 0x000000001b639800 Exception <a 'java/lang/ClassNotFoundException': org/gradle/api/tasks/DeleteCustomizer> (0x00000000e5d4d240) thrown at [D:\src\AOSP-openjdk-cygwin\jdk8u\hotspot\src\share\vm\classfile\systemDictionary.cpp, line 210]
Event: 7.422 Thread 0x000000001b639800 Exception <a 'java/lang/ClassNotFoundException': org/gradle/api/tasks/Delete_DecoratedCustomizer> (0x00000000e5d95d30) thrown at [D:\src\AOSP-openjdk-cygwin\jdk8u\hotspot\src\share\vm\classfile\systemDictionary.cpp, line 210]
Event: 7.989 Thread 0x000000001b639800 Exception <a 'java/lang/ClassNotFoundException': build_1d9uc2kkyuh2ugswhlqzvruloBeanInfo> (0x00000000e0fe4990) thrown at [D:\src\AOSP-openjdk-cygwin\jdk8u\hotspot\src\share\vm\classfile\systemDictionary.cpp, line 210]
Event: 7.989 Thread 0x000000001b639800 Exception <a 'java/lang/ClassNotFoundException': build_1d9uc2kkyuh2ugswhlqzvruloCustomizer> (0x00000000e0fef3f0) thrown at [D:\src\AOSP-openjdk-cygwin\jdk8u\hotspot\src\share\vm\classfile\systemDictionary.cpp, line 210]
Event: 8.236 Thread 0x000000001b639800 Implicit null exception at 0x0000000005178338 to 0x0000000005179119
Event: 8.236 Thread 0x000000001b639800 Implicit null exception at 0x00000000050cd915 to 0x00000000050cdbfd
Event: 8.927 Thread 0x000000001b639800 Implicit null exception at 0x0000000005a1a948 to 0x0000000005a1aaf9

Events (10 events):
Event: 8.927 Thread 0x000000001b639800 Uncommon trap: trap_request=0xffffff65 fr.pc=0x0000000005a1ab10
Event: 8.927 Thread 0x000000001b639800 DEOPT PACKING pc=0x0000000005a1ab10 sp=0x000000001dfb8710
Event: 8.927 Thread 0x000000001b639800 DEOPT UNPACKING pc=0x0000000004fe557b sp=0x000000001dfb86b8 mode 2
Event: 8.927 loading class sun/security/pkcs/PKCS7
Event: 8.928 loading class sun/security/pkcs/PKCS7 done
Event: 8.928 loading class sun/security/util/DerInputStream
Event: 8.928 loading class sun/security/util/DerInputStream done
Event: 8.928 loading class sun/security/util/DerIndefLenConverter
Event: 8.928 loading class sun/security/util/DerIndefLenConverter done
Event: 8.928 loading class sun/security/util/DerInputBuffer


Dynamic libraries:
0x00007ff748030000 - 0x00007ff748061000 	C:\Program Files\Android\Android Studio\jre\bin\java.exe
0x00007ffecf100000 - 0x00007ffecf2e0000 	C:\Windows\SYSTEM32\ntdll.dll
0x00007ffecce90000 - 0x00007ffeccf3e000 	C:\Windows\System32\KERNEL32.DLL
0x00007ffecbc50000 - 0x00007ffecbeb6000 	C:\Windows\System32\KERNELBASE.dll
0x00007ffecc6a0000 - 0x00007ffecc741000 	C:\Windows\System32\ADVAPI32.dll
0x00007ffecea50000 - 0x00007ffeceaed000 	C:\Windows\System32\msvcrt.dll
0x00007ffecc780000 - 0x00007ffecc7db000 	C:\Windows\System32\sechost.dll
0x00007ffecef20000 - 0x00007ffecf03f000 	C:\Windows\System32\RPCRT4.dll
0x00007ffeccf40000 - 0x00007ffecd0cf000 	C:\Windows\System32\USER32.dll
0x00007ffecc260000 - 0x00007ffecc280000 	C:\Windows\System32\win32u.dll
0x00007ffecc750000 - 0x00007ffecc778000 	C:\Windows\System32\GDI32.dll
0x00007ffecc280000 - 0x00007ffecc413000 	C:\Windows\System32\gdi32full.dll
0x00007ffecc0e0000 - 0x00007ffecc17b000 	C:\Windows\System32\msvcp_win.dll
0x00007ffecc4d0000 - 0x00007ffecc5c5000 	C:\Windows\System32\ucrtbase.dll
0x00007ffeb7b60000 - 0x00007ffeb7dc9000 	C:\Windows\WinSxS\amd64_microsoft.windows.common-controls_6595b64144ccf1df_6.0.16299.665_none_15cbd8769361ff10\COMCTL32.dll
0x00007ffecd0d0000 - 0x00007ffecd3d7000 	C:\Windows\System32\combase.dll
0x00007ffecc1e0000 - 0x00007ffecc252000 	C:\Windows\System32\bcryptPrimitives.dll
0x00007ffecf0a0000 - 0x00007ffecf0cd000 	C:\Windows\System32\IMM32.DLL
0x0000000064050000 - 0x0000000064122000 	C:\Program Files\Android\Android Studio\jre\jre\bin\msvcr100.dll
0x0000000064410000 - 0x0000000064c51000 	C:\Program Files\Android\Android Studio\jre\jre\bin\server\jvm.dll
0x00007ffeceef0000 - 0x00007ffeceef8000 	C:\Windows\System32\PSAPI.DLL
0x00007ffebdda0000 - 0x00007ffebddaa000 	C:\Windows\SYSTEM32\VERSION.dll
0x00007ffec9220000 - 0x00007ffec9243000 	C:\Windows\SYSTEM32\WINMM.dll
0x00007ffec8030000 - 0x00007ffec8039000 	C:\Windows\SYSTEM32\WSOCK32.dll
0x00007ffecd3e0000 - 0x00007ffecd44c000 	C:\Windows\System32\WS2_32.dll
0x00007ffec91c0000 - 0x00007ffec91ea000 	C:\Windows\SYSTEM32\WINMMBASE.dll
0x00007ffecc090000 - 0x00007ffecc0da000 	C:\Windows\System32\cfgmgr32.dll
0x00007ffebe310000 - 0x00007ffebe31f000 	C:\Program Files\Android\Android Studio\jre\jre\bin\verify.dll
0x00007ffebaa00000 - 0x00007ffebaa29000 	C:\Program Files\Android\Android Studio\jre\jre\bin\java.dll
0x00007ffebadf0000 - 0x00007ffebae06000 	C:\Program Files\Android\Android Studio\jre\jre\bin\zip.dll
0x00007ffecd450000 - 0x00007ffece888000 	C:\Windows\System32\SHELL32.dll
0x00007ffece890000 - 0x00007ffece936000 	C:\Windows\System32\shcore.dll
0x00007ffecb500000 - 0x00007ffecbc47000 	C:\Windows\System32\windows.storage.dll
0x00007ffecc980000 - 0x00007ffecc9d1000 	C:\Windows\System32\shlwapi.dll
0x00007ffecb4e0000 - 0x00007ffecb4f1000 	C:\Windows\System32\kernel.appcore.dll
0x00007ffecb490000 - 0x00007ffecb4dc000 	C:\Windows\System32\powrprof.dll
0x00007ffecb450000 - 0x00007ffecb46b000 	C:\Windows\System32\profapi.dll
0x00007ffeb8b60000 - 0x00007ffeb8b7a000 	C:\Program Files\Android\Android Studio\jre\jre\bin\net.dll
0x00007ffecac80000 - 0x00007ffecace6000 	C:\Windows\system32\mswsock.dll
0x00007ffeb8570000 - 0x00007ffeb8581000 	C:\Program Files\Android\Android Studio\jre\jre\bin\nio.dll
0x00007ffeb8720000 - 0x00007ffeb873e000 	C:\Users\vlsv__000\.gradle\native\25\windows-amd64\native-platform.dll
0x00007ffeb8460000 - 0x00007ffeb846d000 	C:\Program Files\Android\Android Studio\jre\jre\bin\management.dll
0x00007ffecaeb0000 - 0x00007ffecaec7000 	C:\Windows\SYSTEM32\CRYPTSP.dll
0x00007ffeca880000 - 0x00007ffeca8b3000 	C:\Windows\system32\rsaenh.dll
0x00007ffecafb0000 - 0x00007ffecafd5000 	C:\Windows\SYSTEM32\bcrypt.dll
0x00007ffecb380000 - 0x00007ffecb3a9000 	C:\Windows\SYSTEM32\USERENV.dll
0x00007ffecaea0000 - 0x00007ffecaeab000 	C:\Windows\SYSTEM32\CRYPTBASE.dll
0x00007ffecaa10000 - 0x00007ffecaa49000 	C:\Windows\SYSTEM32\IPHLPAPI.DLL
0x00007ffecef00000 - 0x00007ffecef08000 	C:\Windows\System32\NSI.dll
0x00007ffec6d20000 - 0x00007ffec6d36000 	C:\Windows\SYSTEM32\dhcpcsvc6.DLL
0x00007ffec6d00000 - 0x00007ffec6d1a000 	C:\Windows\SYSTEM32\dhcpcsvc.DLL

VM Arguments:
jvm_args: -Xmx1536m -Dfile.encoding=windows-1251 -Duser.country=RU -Duser.language=ru -Duser.variant 
java_command: org.gradle.launcher.daemon.bootstrap.GradleDaemon 4.6
java_class_path (initial): C:\Users\vlsv__000\.gradle\wrapper\dists\gradle-4.6-all\bcst21l2brirad8k2ben1letg\gradle-4.6\lib\gradle-launcher-4.6.jar
Launcher Type: SUN_STANDARD

Environment Variables:
PATH=C:\ProgramData\Oracle\Java\javapath;C:\Program Files (x86)\NVIDIA Corporation\PhysX\Common;C:\Program Files (x86)\Intel\iCLS Client\;C:\Program Files\Intel\iCLS Client\;C:\Windows\system32;C:\Windows;C:\Windows\System32\Wbem;C:\Windows\System32\WindowsPowerShell\v1.0\;C:\Program Files\Intel\Intel(R) Management Engine Components\DAL;C:\Program Files\Intel\Intel(R) Management Engine Components\IPT;C:\Program Files (x86)\Intel\Intel(R) Management Engine Components\DAL;C:\Program Files (x86)\Intel\Intel(R) Management Engine Components\IPT;C:\Program Files (x86)\Common Files\lenovo\easyplussdk\bin;C:\Program Files (x86)\OneScript\\bin;C:\Program Files (x86)\LM4\;C:\Program Files\LM4\;C:\Users\vlsv__000\AppData\Local\Microsoft\WindowsApps;C:\Users\vlsv__000\AppData\Local\Programs\Git\cmd
USERNAME=vlsv__000
OS=Windows_NT
PROCESSOR_IDENTIFIER=Intel64 Family 6 Model 60 Stepping 3, GenuineIntel



---------------  S Y S T E M  ---------------

OS: Windows 10.0 , 64 bit Build 16299 (10.0.16299.431)

CPU:total 4 (initial active 4) (2 cores per cpu, 2 threads per core) family 6 model 60 stepping 3, cmov, cx8, fxsr, mmx, sse, sse2, sse3, ssse3, sse4.1, sse4.2, popcnt, avx, avx2, aes, clmul, erms, lzcnt, ht, tsc, tscinvbit, bmi1, bmi2

Memory: 4k page, physical 8257456k(1004560k free), swap 12353456k(6340k free)

vm_info: OpenJDK 64-Bit Server VM (25.152-b06) for windows-amd64 JRE (1.8.0_152-release-1136-b06), built by "builder" with MS VC++ 10.0 (VS2010)

time: Fri Nov 02 12:49:27 2018
elapsed time: 8 seconds (0d 0h 0m 8s)

